#
# A fatal error has been detected by the Java Runtime Environment:
#
#  EXCEPTION_ACCESS_VIOLATION (0xc0000005) at pc=0x000000006feb81c5, pid=42396, tid=42472
#
# JRE version: Java(TM) SE Runtime Environment (8.0_51-b16) (build 1.8.0_51-b16)
# Java VM: Java HotSpot(TM) 64-Bit Server VM (25.51-b03 mixed mode windows-amd64 compressed oops)
# Problematic frame:
# V  [jvm.dll+0x1281c5]
#
# Failed to write core dump. Minidumps are not enabled by default on client versions of Windows
#
# If you would like to submit a bug report, please visit:
#   http://bugreport.java.com/bugreport/crash.jsp
#

---------------  T H R E A D  ---------------

Current thread (0x00000000572b9800):  JavaThread "JDWP Transport Listener: dt_socket" daemon [_thread_in_vm, id=42472, stack(0x00000000588b0000,0x00000000589b0000)]

siginfo: ExceptionCode=0xc0000005, reading address 0x00003b003b746e65

Registers:
RAX=0x00000000589af101, RBX=0x00000000572b9800, RCX=0x00003b003b746e65, RDX=0x0000000000000000
RSP=0x00000000589af130, RBP=0x00003b003b746e65, RSI=0x00000000589af248, RDI=0x0000000000338b50
R8 =0x00000000572b9800, R9 =0x000000000000ff00, R10=0x0000000000000000, R11=0x0900b882003a0067
R12=0x0000000000000000, R13=0x00000000572ba6d8, R14=0x0000000000000000, R15=0x0000000000000000
RIP=0x000000006feb81c5, EFLAGS=0x0000000000010206

Top of Stack: (sp=0x00000000589af130)
0x00000000589af130:   00000000572b9800 00000000572b9800
0x00000000589af140:   00000000589af1f8 00000000700bc72b
0x00000000589af150:   00000000572b9800 00000000700d8f8d
0x00000000589af160:   0000000000000000 000000006cc89155
0x00000000589af170:   0000000058db3b50 000000006cc9291e
0x00000000589af180:   00000000572b9800 0000000000000000
0x00000000589af190:   0000000000000000 0000000000000000
0x00000000589af1a0:   00003b003b746e65 000000006cc91a15
0x00000000589af1b0:   00000000589af248 00000000589af220
0x00000000589af1c0:   0000000000000001 0000000058db3b50
0x00000000589af1d0:   00003b003b746e65 000000006cc753b3
0x00000000589af1e0:   00000000589af310 0000000000000001
0x00000000589af1f0:   0000000000000001 0000000058db3b50
0x00000000589af200:   0000000000000001 0000000000000000
0x00000000589af210:   0000000000000000 0000000000000000
0x00000000589af220:   0000000000000001 000000006cc75571 

Instructions: (pc=0x000000006feb81c5)
0x000000006feb81a5:   cc cc cc cc cc cc cc cc cc cc cc 48 83 ec 28 48
0x000000006feb81b5:   85 c9 75 07 33 c0 48 83 c4 28 c3 48 89 5c 24 20
0x000000006feb81c5:   48 8b 19 48 85 db 74 20 48 83 fb 37 74 1a 48 8b
0x000000006feb81d5:   13 48 8b cb ff 52 10 84 c0 74 0d 48 8b c3 48 8b 


Register to memory mapping:

RAX=0x00000000589af101 is pointing into the stack for thread: 0x00000000572b9800
RBX=0x00000000572b9800 is a thread
RCX=0x00003b003b746e65 is an unknown value
RDX=0x0000000000000000 is an unknown value
RSP=0x00000000589af130 is pointing into the stack for thread: 0x00000000572b9800
RBP=0x00003b003b746e65 is an unknown value
RSI=0x00000000589af248 is pointing into the stack for thread: 0x00000000572b9800
RDI=0x0000000000338b50 is an unknown value
R8 =0x00000000572b9800 is a thread
R9 =0x000000000000ff00 is an unknown value
R10=0x0000000000000000 is an unknown value
R11=0x0900b882003a0067 is an unknown value
R12=0x0000000000000000 is an unknown value
R13=0x00000000572ba6d8 is an unknown value
R14=0x0000000000000000 is an unknown value
R15=0x0000000000000000 is an unknown value


Stack: [0x00000000588b0000,0x00000000589b0000],  sp=0x00000000589af130,  free space=1020k
Native frames: (J=compiled Java code, j=interpreted, Vv=VM code, C=native code)
V  [jvm.dll+0x1281c5]
V  [jvm.dll+0x348f8d]
C  [jdwp.dll+0x21a15]
C  [jdwp.dll+0x53b3]
C  [jdwp.dll+0x5571]
C  [jdwp.dll+0xf0a8]
C  [jdwp.dll+0x1f2d5]
C  [jdwp.dll+0x1f4aa]
V  [jvm.dll+0x1bae78]
V  [jvm.dll+0x2418a4]
V  [jvm.dll+0x29846a]
C  [msvcr100.dll+0x21d9f]
C  [msvcr100.dll+0x21e3b]
C  [kernel32.dll+0x159cd]
C  [ntdll.dll+0x2b891]


---------------  P R O C E S S  ---------------

Java Threads: ( => current thread )
  0x0000000058f5b800 JavaThread "MySQL Statement Cancellation Timer" daemon [_thread_blocked, id=42560, stack(0x00000000594e0000,0x00000000595e0000)]
  0x0000000058d9f000 JavaThread "Service Thread" daemon [_thread_blocked, id=42508, stack(0x0000000058790000,0x0000000058890000)]
  0x0000000058d9c800 JavaThread "C1 CompilerThread1" daemon [_thread_blocked, id=42504, stack(0x0000000059240000,0x0000000059340000)]
  0x00000000572d0000 JavaThread "C2 CompilerThread0" daemon [_thread_blocked, id=42500, stack(0x0000000058b30000,0x0000000058c30000)]
  0x00000000572be000 JavaThread "JDWP Event Helper Thread" daemon [_thread_blocked, id=42484, stack(0x00000000589f0000,0x0000000058af0000)]
=>0x00000000572b9800 JavaThread "JDWP Transport Listener: dt_socket" daemon [_thread_in_vm, id=42472, stack(0x00000000588b0000,0x00000000589b0000)]
  0x00000000572ac000 JavaThread "Attach Listener" daemon [_thread_blocked, id=42460, stack(0x00000000583c0000,0x00000000584c0000)]
  0x00000000572ab000 JavaThread "Signal Dispatcher" daemon [_thread_blocked, id=42456, stack(0x00000000581e0000,0x00000000582e0000)]
  0x0000000057247000 JavaThread "Finalizer" daemon [_thread_blocked, id=42448, stack(0x0000000057f50000,0x0000000058050000)]
  0x0000000057245800 JavaThread "Reference Handler" daemon [_thread_blocked, id=42444, stack(0x0000000057e30000,0x0000000057f30000)]
  0x000000000033f000 JavaThread "main" [_thread_blocked, id=42424, stack(0x0000000002520000,0x0000000002620000)]

Other Threads:
  0x000000005723d800 VMThread [stack: 0x0000000057cb0000,0x0000000057db0000] [id=42440]
  0x0000000058da3800 WatcherThread [stack: 0x00000000593e0000,0x00000000594e0000] [id=42512]

VM state:not at safepoint (normal execution)

VM Mutex/Monitor currently owned by a thread: None

Heap:
 PSYoungGen      total 38400K, used 8316K [0x00000000d5580000, 0x00000000d8000000, 0x0000000100000000)
  eden space 33280K, 24% used [0x00000000d5580000,0x00000000d5d9f358,0x00000000d7600000)
  from space 5120K, 0% used [0x00000000d7b00000,0x00000000d7b00000,0x00000000d8000000)
  to   space 5120K, 0% used [0x00000000d7600000,0x00000000d7600000,0x00000000d7b00000)
 ParOldGen       total 87552K, used 0K [0x0000000080000000, 0x0000000085580000, 0x00000000d5580000)
  object space 87552K, 0% used [0x0000000080000000,0x0000000080000000,0x0000000085580000)
 Metaspace       used 6123K, capacity 6198K, committed 6400K, reserved 1056768K
  class space    used 642K, capacity 658K, committed 768K, reserved 1048576K

Card table byte_map: [0x0000000011cb0000,0x00000000120c0000] byte_map_base: 0x00000000118b0000

Marking Bits: (ParMarkBitMap*) 0x0000000070594040
 Begin Bits: [0x0000000012510000, 0x0000000014510000)
 End Bits:   [0x0000000014510000, 0x0000000016510000)

Polling page: 0x0000000000320000

CodeCache: size=245760Kb used=1796Kb max_used=1808Kb free=243963Kb
 bounds [0x00000000028f0000, 0x0000000002b60000, 0x00000000118f0000]
 total_blobs=643 nmethods=308 adapters=258
 compilation: enabled

Compilation events (10 events):
Event: 4.278 Thread 0x0000000058d9c800  303       3       java.io.WinNTFileSystem::prefixLength (91 bytes)
Event: 4.279 Thread 0x0000000058d9c800 nmethod 303 0x0000000002aae610 code [0x0000000002aae820, 0x0000000002aaf3a8]
Event: 4.279 Thread 0x0000000058d9c800  304       1       java.lang.reflect.Method::getDeclaringClass (5 bytes)
Event: 4.279 Thread 0x0000000058d9c800 nmethod 304 0x0000000002aaf910 code [0x0000000002aafa60, 0x0000000002aafb70]
Event: 4.279 Thread 0x0000000058d9c800  305       1       java.lang.reflect.Method::getReturnType (5 bytes)
Event: 4.279 Thread 0x0000000058d9c800 nmethod 305 0x0000000002aafbd0 code [0x0000000002aafd20, 0x0000000002aafe30]
Event: 9.248 Thread 0x00000000572d0000  307 %     4       java.lang.String::indexOf @ 53 (166 bytes)
Event: 9.259 Thread 0x00000000572d0000 nmethod 307% 0x0000000002ab3410 code [0x0000000002ab3560, 0x0000000002ab3b78]
Event: 9.259 Thread 0x00000000572d0000  308       4       java.lang.String::indexOf (166 bytes)
Event: 9.266 Thread 0x00000000572d0000 nmethod 308 0x0000000002ab3e90 code [0x0000000002ab3fe0, 0x0000000002ab44f8]

GC Heap History (0 events):
No events

Deoptimization events (2 events):
Event: 3.141 Thread 0x000000000033f000 Uncommon trap: reason=unstable_if action=reinterpret pc=0x0000000002a35038 method=java.util.Properties.loadConvert([CII[C)Ljava/lang/String; @ 4
Event: 3.150 Thread 0x000000000033f000 Uncommon trap: reason=unstable_if action=reinterpret pc=0x0000000002a74778 method=java.util.Properties$LineReader.readLine()I @ 174

Internal exceptions (10 events):
Event: 2.989 Thread 0x000000000033f000 Exception <a 'java/security/PrivilegedActionException'> (0x00000000d58a92d0) thrown at [C:\re\workspace\8-2-build-windows-amd64-cygwin\jdk8u51\3951\hotspot\src\share\vm\prims\jvm.cpp, line 1382]
Event: 2.989 Thread 0x000000000033f000 Exception <a 'java/security/PrivilegedActionException'> (0x00000000d58a9618) thrown at [C:\re\workspace\8-2-build-windows-amd64-cygwin\jdk8u51\3951\hotspot\src\share\vm\prims\jvm.cpp, line 1382]
Event: 3.000 Thread 0x000000000033f000 Exception <a 'java/security/PrivilegedActionException'> (0x00000000d58f6b28) thrown at [C:\re\workspace\8-2-build-windows-amd64-cygwin\jdk8u51\3951\hotspot\src\share\vm\prims\jvm.cpp, line 1382]
Event: 3.000 Thread 0x000000000033f000 Exception <a 'java/security/PrivilegedActionException'> (0x00000000d58f6e70) thrown at [C:\re\workspace\8-2-build-windows-amd64-cygwin\jdk8u51\3951\hotspot\src\share\vm\prims\jvm.cpp, line 1382]
Event: 3.000 Thread 0x000000000033f000 Exception <a 'java/security/PrivilegedActionException'> (0x00000000d58f9ae0) thrown at [C:\re\workspace\8-2-build-windows-amd64-cygwin\jdk8u51\3951\hotspot\src\share\vm\prims\jvm.cpp, line 1382]
Event: 3.000 Thread 0x000000000033f000 Exception <a 'java/security/PrivilegedActionException'> (0x00000000d58f9e28) thrown at [C:\re\workspace\8-2-build-windows-amd64-cygwin\jdk8u51\3951\hotspot\src\share\vm\prims\jvm.cpp, line 1382]
Event: 3.001 Thread 0x000000000033f000 Exception <a 'java/security/PrivilegedActionException'> (0x00000000d58fcd60) thrown at [C:\re\workspace\8-2-build-windows-amd64-cygwin\jdk8u51\3951\hotspot\src\share\vm\prims\jvm.cpp, line 1382]
Event: 3.001 Thread 0x000000000033f000 Exception <a 'java/security/PrivilegedActionException'> (0x00000000d58fd0a8) thrown at [C:\re\workspace\8-2-build-windows-amd64-cygwin\jdk8u51\3951\hotspot\src\share\vm\prims\jvm.cpp, line 1382]
Event: 3.002 Thread 0x000000000033f000 Exception <a 'java/security/PrivilegedActionException'> (0x00000000d58ffd88) thrown at [C:\re\workspace\8-2-build-windows-amd64-cygwin\jdk8u51\3951\hotspot\src\share\vm\prims\jvm.cpp, line 1382]
Event: 3.002 Thread 0x000000000033f000 Exception <a 'java/security/PrivilegedActionException'> (0x00000000d59000d0) thrown at [C:\re\workspace\8-2-build-windows-amd64-cygwin\jdk8u51\3951\hotspot\src\share\vm\prims\jvm.cpp, line 1382]

Events (10 events):
Event: 34.947 Executing VM operation: GetOrSetLocal
Event: 34.947 Executing VM operation: GetOrSetLocal done
Event: 37.672 Executing VM operation: GetOrSetLocal
Event: 37.672 Executing VM operation: GetOrSetLocal done
Event: 468.295 Executing VM operation: ChangeBreakpoints
Event: 468.295 Executing VM operation: ChangeBreakpoints done
Event: 474.522 Executing VM operation: ChangeBreakpoints
Event: 474.522 Executing VM operation: ChangeBreakpoints done
Event: 474.538 Executing VM operation: RedefineClasses
Event: 474.539 Executing VM operation: RedefineClasses done


Dynamic libraries:
0x000000013f8d0000 - 0x000000013f907000 	C:\Program Files\Java\jre1.8.0_51\bin\javaw.exe
0x0000000076d60000 - 0x0000000076f08000 	C:\Windows\SYSTEM32\ntdll.dll
0x0000000076b40000 - 0x0000000076c5f000 	C:\Windows\system32\kernel32.dll
0x000007fefcd30000 - 0x000007fefcd9c000 	C:\Windows\system32\KERNELBASE.dll
0x000007fefe400000 - 0x000007fefe4db000 	C:\Windows\system32\ADVAPI32.dll
0x000007fefe0b0000 - 0x000007fefe14f000 	C:\Windows\system32\msvcrt.dll
0x000007fefe540000 - 0x000007fefe55f000 	C:\Windows\SYSTEM32\sechost.dll
0x000007fefdf50000 - 0x000007fefe07d000 	C:\Windows\system32\RPCRT4.dll
0x0000000076c60000 - 0x0000000076d5a000 	C:\Windows\system32\USER32.dll
0x000007fefeb20000 - 0x000007fefeb87000 	C:\Windows\system32\GDI32.dll
0x000007fefe560000 - 0x000007fefe56e000 	C:\Windows\system32\LPK.dll
0x000007fefea50000 - 0x000007fefeb19000 	C:\Windows\system32\USP10.dll
0x000007fefb510000 - 0x000007fefb704000 	C:\Windows\WinSxS\amd64_microsoft.windows.common-controls_6595b64144ccf1df_6.0.7601.18837_none_fa3b1e3d17594757\COMCTL32.dll
0x000007fefded0000 - 0x000007fefdf41000 	C:\Windows\system32\SHLWAPI.dll
0x000007fefe080000 - 0x000007fefe0ae000 	C:\Windows\system32\IMM32.DLL
0x000007fefee90000 - 0x000007fefef99000 	C:\Windows\system32\MSCTF.dll
0x0000000063910000 - 0x00000000639e2000 	C:\Program Files\Java\jre1.8.0_51\bin\msvcr100.dll
0x000000006fd90000 - 0x0000000070613000 	C:\Program Files\Java\jre1.8.0_51\bin\server\jvm.dll
0x000007fefa8a0000 - 0x000007fefa8a9000 	C:\Windows\system32\WSOCK32.dll
0x000007fefe150000 - 0x000007fefe19d000 	C:\Windows\system32\WS2_32.dll
0x000007feff060000 - 0x000007feff068000 	C:\Windows\system32\NSI.dll
0x000007fefa280000 - 0x000007fefa2bb000 	C:\Windows\system32\WINMM.dll
0x000007fefbbd0000 - 0x000007fefbbdc000 	C:\Windows\system32\VERSION.dll
0x0000000076f30000 - 0x0000000076f37000 	C:\Windows\system32\PSAPI.DLL
0x000000006b920000 - 0x000000006b92f000 	C:\Program Files\Java\jre1.8.0_51\bin\verify.dll
0x0000000066590000 - 0x00000000665b9000 	C:\Program Files\Java\jre1.8.0_51\bin\java.dll
0x000000006cc70000 - 0x000000006cca5000 	C:\Program Files\Java\jre1.8.0_51\bin\jdwp.dll
0x000000006ee10000 - 0x000000006ee18000 	C:\Program Files\Java\jre1.8.0_51\bin\npt.dll
0x000000006b8c0000 - 0x000000006b8d6000 	C:\Program Files\Java\jre1.8.0_51\bin\zip.dll
0x000007fefd140000 - 0x000007fefdec9000 	C:\Windows\system32\SHELL32.dll
0x000007fefe570000 - 0x000007fefe773000 	C:\Windows\system32\ole32.dll
0x000007fefcb10000 - 0x000007fefcb1f000 	C:\Windows\system32\profapi.dll
0x000000006ea40000 - 0x000000006ea49000 	C:\Program Files\Java\jre1.8.0_51\bin\dt_socket.dll
0x000007fefa9c0000 - 0x000007fefa9d5000 	C:\Windows\system32\NLAapi.dll
0x000007fef8ef0000 - 0x000007fef8f05000 	C:\Windows\system32\napinsp.dll
0x000007fef8f10000 - 0x000007fef8f29000 	C:\Windows\system32\pnrpnsp.dll
0x000007fefc2b0000 - 0x000007fefc305000 	C:\Windows\System32\mswsock.dll
0x000007fefc130000 - 0x000007fefc18b000 	C:\Windows\system32\DNSAPI.dll
0x000007fef8ee0000 - 0x000007fef8eeb000 	C:\Windows\System32\winrnr.dll
0x000007fef9db0000 - 0x000007fef9dd7000 	C:\Windows\system32\IPHLPAPI.DLL
0x000007fef9d90000 - 0x000007fef9d9b000 	C:\Windows\system32\WINNSI.DLL
0x000007fef9e50000 - 0x000007fef9ea3000 	C:\Windows\System32\fwpuclnt.dll
0x000007fef8f60000 - 0x000007fef8f68000 	C:\Windows\system32\rasadhlp.dll
0x000007fefbca0000 - 0x000007fefbca7000 	C:\Windows\System32\wshtcpip.dll
0x0000000065f50000 - 0x0000000065f6a000 	C:\Program Files\Java\jre1.8.0_51\bin\net.dll
0x000007fefc2a0000 - 0x000007fefc2a7000 	C:\Windows\System32\wship6.dll
0x000007fefa730000 - 0x000007fefa855000 	C:\Windows\system32\dbghelp.dll

VM Arguments:
jvm_args: -agentlib:jdwp=transport=dt_socket,suspend=y,address=localhost:17298 -Dfile.encoding=UTF-8 
java_command: cor.App
java_class_path (initial): C:\Users\rubina\Documents\AcademyIT\VisaCenter\cor\target\classes;C:\Users\rubina\.m2\repository\mysql\mysql-connector-java\5.1.6\mysql-connector-java-5.1.6.jar;C:\Users\rubina\.m2\repository\log4j\log4j\1.2.17\log4j-1.2.17.jar
Launcher Type: SUN_STANDARD

Environment Variables:
JAVA_HOME=C:\Program Files\Java\jdk1.8.0_45
PATH=C:/Program Files/Java/jre1.8.0_51/bin/server;C:/Program Files/Java/jre1.8.0_51/bin;C:/Program Files/Java/jre1.8.0_51/lib/amd64;C:\Program Files (x86)\Basler\pylon 5\runtime\Win32\;C:\Program Files (x86)\Basler\pylon 5\runtime\x64\;C:\ProgramData\Oracle\Java\javapath;C:\Windows\system32;C:\Windows;C:\Windows\System32\Wbem;C:\Windows\System32\WindowsPowerShell\v1.0\;C:\Program Files (x86)\Skype\Phone\;C:\Program Files (x86)\Windows Kits\8.1\Windows Performance Toolkit\;C:\Program Files\Microsoft SQL Server\110\Tools\Binn\;%JAVA_HOME%;C:\Program Files\Java\jdk1.8.0_45\bin;C:\apache-maven-3.3.3\bin;C:\Program Files\MySQL\MySQL Enterprise Backup 3.12\;C:\Program Files (x86)\MySQL\MySQL Fabric 1.5.4 & MySQL Utilities 1.5.4 1.5\;C:\Program Files (x86)\MySQL\MySQL Fabric 1.5.4 & MySQL Utilities 1.5.4 1.5\Doctrine extensions for PHP\;C:\Program Files\Microsoft SQL Server\120\DTS\Binn\;C:\Program Files\Microsoft SQL Server\Client SDK\ODBC\110\Tools\Binn\;C:\Program Files (x86)\Microsoft SQL Server\120\Tools\Binn\;C:\Program Files\Microsoft SQL Server\120\Tools\Binn\;C:\Program Files (x86)\Microsoft SQL Server\120\Tools\Binn\ManagementStudio\;C:\Program Files (x86)\Microsoft SQL Server\120\DTS\Binn\;D:\distr\eclipse64;
USERNAME=rubina
OS=Windows_NT
PROCESSOR_IDENTIFIER=Intel64 Family 6 Model 23 Stepping 6, GenuineIntel



---------------  S Y S T E M  ---------------

OS: Windows 7 , 64 bit Build 7601 (6.1.7601.18847)

CPU:total 2 (2 cores per cpu, 1 threads per core) family 6 model 23 stepping 6, cmov, cx8, fxsr, mmx, sse, sse2, sse3, ssse3, sse4.1, tsc

Memory: 4k page, physical 8387064k(2645008k free), swap 17132020k(4907028k free)

vm_info: Java HotSpot(TM) 64-Bit Server VM (25.51-b03) for windows-amd64 JRE (1.8.0_51-b16), built on Jun  8 2015 18:03:07 by "java_re" with MS VC++ 10.0 (VS2010)

time: Tue Aug 04 12:00:49 2015
elapsed time: 478 seconds (0d 0h 7m 58s)

